app/build/intermediates/manifest_merge_blame_file/debug/manifest-merger-blame-debug-report.txt
1<?xml version="1.0" encoding="utf-8"?>
2<manifest xmlns:android="http://schemas.android.com/apk/res/android"
3    package="com.example.mirim_cess_master"
4    android:versionCode="1"
5    android:versionName="1.0" >
6
7    <uses-sdk
8        android:minSdkVersion="16"
8-->src\main\AndroidManifest.xml
9        android:targetSdkVersion="29" />
9-->src\main\AndroidManifest.xml
10
11    <application
11-->src\main\AndroidManifest.xml:6:5-43:19
12        android:allowBackup="true"
12-->src\main\AndroidManifest.xml:7:9-35
13        android:appComponentFactory="androidx.core.app.CoreComponentFactory"
13-->[androidx.core:core:1.2.0] AndroidManifest.xml:24:18-86
14        android:debuggable="true"
15        android:icon="@drawable/logo"
15-->src\main\AndroidManifest.xml:8:9-38
16        android:label="@string/app_name"
16-->src\main\AndroidManifest.xml:9:9-41
17        android:roundIcon="@mipmap/ic_launcher_round"
17-->src\main\AndroidManifest.xml:10:9-54
18        android:supportsRtl="true"
18-->src\main\AndroidManifest.xml:11:9-35
19        android:testOnly="true"
20        android:theme="@style/AppTheme" >
20-->src\main\AndroidManifest.xml:12:9-40
21        <activity
21-->src\main\AndroidManifest.xml:13:9-23:20
22            android:name="com.example.mirim_cess_master.SplashActivity"
22-->src\main\AndroidManifest.xml:14:13-72
23            android:screenOrientation="portrait"
23-->src\main\AndroidManifest.xml:15:13-49
24            android:theme="@style/SplashTheme" > <!-- 강제로 세로모드로만 하게 만듬 -->
24-->src\main\AndroidManifest.xml:16:13-47
25            <intent-filter>
25-->src\main\AndroidManifest.xml:18:13-22:29
26                <action android:name="android.intent.action.MAIN" />
26-->src\main\AndroidManifest.xml:19:17-69
26-->src\main\AndroidManifest.xml:19:25-66
27
28                <category android:name="android.intent.category.LAUNCHER" />
28-->src\main\AndroidManifest.xml:21:17-77
28-->src\main\AndroidManifest.xml:21:27-74
29            </intent-filter>
30        </activity>
31        <activity android:name="com.example.mirim_cess_master.MainActivity" />
31-->src\main\AndroidManifest.xml:24:9-79
31-->src\main\AndroidManifest.xml:24:19-76
32        <activity android:name="com.example.mirim_cess_master.FirstStory" />
32-->src\main\AndroidManifest.xml:25:9-77
32-->src\main\AndroidManifest.xml:25:19-74
33        <activity android:name="com.example.mirim_cess_master.SecondStory" />
33-->src\main\AndroidManifest.xml:26:9-78
33-->src\main\AndroidManifest.xml:26:19-75
34        <activity android:name="com.example.mirim_cess_master.ThirdStory" />
34-->src\main\AndroidManifest.xml:27:9-77
34-->src\main\AndroidManifest.xml:27:19-74
35        <activity android:name="com.example.mirim_cess_master.FourthStory" />
35-->src\main\AndroidManifest.xml:28:9-78
35-->src\main\AndroidManifest.xml:28:19-75
36        <activity android:name="com.example.mirim_cess_master.StartActivity" />
36-->src\main\AndroidManifest.xml:29:9-79
36-->src\main\AndroidManifest.xml:29:19-77
37        <activity android:name="com.example.mirim_cess_master.first.Frag_First_Story7_1" />
37-->src\main\AndroidManifest.xml:31:9-91
37-->src\main\AndroidManifest.xml:31:19-89
38        <activity android:name="com.example.mirim_cess_master.first.Frag_First_Story7_2" />
38-->src\main\AndroidManifest.xml:32:9-91
38-->src\main\AndroidManifest.xml:32:19-89
39        <activity android:name="com.example.mirim_cess_master.second.Frag_Second_Story8_1" />
39-->src\main\AndroidManifest.xml:34:9-93
39-->src\main\AndroidManifest.xml:34:19-91
40        <activity android:name="com.example.mirim_cess_master.second.Frag_Second_Story8_2" />
40-->src\main\AndroidManifest.xml:35:9-93
40-->src\main\AndroidManifest.xml:35:19-91
41        <activity android:name="com.example.mirim_cess_master.fourth.Frag_Fourth_Story8_1" />
41-->src\main\AndroidManifest.xml:37:9-93
41-->src\main\AndroidManifest.xml:37:19-91
42        <activity android:name="com.example.mirim_cess_master.fourth.Frag_Fourth_Story8_2" />
42-->src\main\AndroidManifest.xml:38:9-93
42-->src\main\AndroidManifest.xml:38:19-91
43        <activity android:name="com.example.mirim_cess_master.third.Frag_Third_Story8_1" />
43-->src\main\AndroidManifest.xml:40:9-91
43-->src\main\AndroidManifest.xml:40:19-89
44        <activity android:name="com.example.mirim_cess_master.third.Frag_Third_Story8_2" />
44-->src\main\AndroidManifest.xml:41:9-91
44-->src\main\AndroidManifest.xml:41:19-89
45    </application>
46
47</manifest>